** Message: 16:19:27.619: environement.vala:58: Exporting primary_variable
** Message: 16:19:27.619: environement.vala:59: desktop_environnement XDG_CURRENT_DESKTOP
** Message: 16:19:27.619: environement.vala:150: confir_dirs is null, export : /etc/xdg
** Message: 16:19:27.619: environement.vala:184: Exporting XDG_CONFIG_DIRS
** Message: 16:19:27.619: environement.vala:218: custom_data :
** Message: 16:19:27.619: environement.vala:219: data_dirs :/usr/share/fkms:/usr/local/share:/usr/share/raspi-ui-overrides:/usr/share:/usr/share/gdm:/var/lib/menu-xdg
** Message: 16:19:27.619: environement.vala:220: data_dirs not null, export : /usr/share/fkms:/usr/local/share:/usr/share/raspi-ui-overrides:/usr/share:/usr/share/gdm:/var/lib/menu-xdg
** Message: 16:19:27.619: environement.vala:225: Exporting XDG_DATA_DIRS
** Message: 16:19:27.621: utils.vala:127: User config used : /home/supernemo/.config/lxsession/LXDE-pi/desktop.conf
** Message: 16:19:27.621: utils.vala:148: Final file used : /home/supernemo/.config/lxsession/LXDE-pi/desktop.conf
** Message: 16:19:27.621: utils.vala:39: Config system location : /etc/xdg/lxsession/LXDE-pi
** Message: 16:19:27.621: utils.vala:45: System system path location : /etc/xdg/lxsession/LXDE-pi/desktop.conf
** Message: 16:19:27.623: settings.vala:540: Key file does not have key “iGtk/ColorScheme” in group “GTK”
** Message: 16:19:27.623: settings.vala:540: Key file does not have key “windows_manager/command” in group “Session”
** Message: 16:19:27.623: settings.vala:540: Key file does not have key “panel/command” in group “Session”
** Message: 16:19:27.623: settings.vala:540: Key file does not have key “dock/command” in group “Session”
** Message: 16:19:27.623: settings.vala:540: Key file does not have key “file_manager/command” in group “Session”
** Message: 16:19:27.623: settings.vala:540: Key file does not have key “desktop_manager/command” in group “Session”
** Message: 16:19:27.623: settings.vala:540: Key file does not have key “launcher_manager/autostart” in group “Session”
** Message: 16:19:27.623: settings.vala:540: Key file does not have key “composite_manager/command” in group “Session”
** Message: 16:19:27.623: settings.vala:540: Key file does not have key “im1/command” in group “Session”
** Message: 16:19:27.623: settings.vala:540: Key file does not have key “im2/command” in group “Session”
** Message: 16:19:27.623: settings.vala:540: Key file does not have key “widget1/command” in group “Session”
** Message: 16:19:27.623: settings.vala:540: Key file does not have key “notification/command” in group “Session”
** Message: 16:19:27.623: settings.vala:540: Key file does not have key “keybindings/command” in group “Session”
** Message: 16:19:27.623: settings.vala:540: Key file does not have key “im_manager/command” in group “Session”
** Message: 16:19:27.623: settings.vala:540: Key file does not have key “screensaver/command” in group “Session”
** Message: 16:19:27.623: settings.vala:540: Key file does not have key “power_manager/command” in group “Session”
** Message: 16:19:27.623: settings.vala:540: Key file does not have key “audio_manager/command” in group “Session”
** Message: 16:19:27.623: settings.vala:540: Key file does not have key “workspace_manager/command” in group “Session”
** Message: 16:19:27.623: settings.vala:540: Key file does not have key “screenshot_manager/command” in group “Session”
** Message: 16:19:27.623: settings.vala:540: Key file does not have key “message_manager/command” in group “Session”
** Message: 16:19:27.623: settings.vala:540: Key file does not have key “upgrade_manager/command” in group “Session”
** Message: 16:19:27.623: settings.vala:540: Key file does not have key “updates_manager/command” in group “Session”
** Message: 16:19:27.624: settings.vala:540: Key file does not have key “updates_manager/timeout” in group “Session”
** Message: 16:19:27.624: settings.vala:540: Key file does not have key “crash_manager/command” in group “Session”
** Message: 16:19:27.624: settings.vala:540: Key file does not have key “crash_manager/dev_mode” in group “Session”
** Message: 16:19:27.624: settings.vala:540: Key file does not have key “crash_manager/timeout” in group “Session”
** Message: 16:19:27.624: settings.vala:540: Key file does not have key “upstart_user_session” in group “Session”
** Message: 16:19:27.624: settings.vala:540: Key file does not have key “proxy_manager/http” in group “Session”
** Message: 16:19:27.624: settings.vala:540: Key file does not have key “a11y/command” in group “Session”
** Message: 16:19:27.624: settings.vala:540: Key file does not have key “xrandr/command” in group “Session”
** Message: 16:19:27.624: settings.vala:540: Key file does not have key “network_gui/command” in group “Session”
** Message: 16:19:27.624: settings.vala:540: Key file does not have key “webbrowser/command” in group “Session”
** Message: 16:19:27.624: settings.vala:540: Key file does not have key “email/command” in group “Session”
** Message: 16:19:27.624: settings.vala:540: Key file does not have key “pdf_reader/command” in group “Session”
** Message: 16:19:27.624: settings.vala:540: Key file does not have key “video_player/command” in group “Session”
** Message: 16:19:27.624: settings.vala:540: Key file does not have key “audio_player/command” in group “Session”
** Message: 16:19:27.624: settings.vala:540: Key file does not have key “image_display/command” in group “Session”
** Message: 16:19:27.624: settings.vala:540: Key file does not have key “text_editor/command” in group “Session”
** Message: 16:19:27.624: settings.vala:540: Key file does not have key “archive/command” in group “Session”
** Message: 16:19:27.624: settings.vala:540: Key file does not have key “charmap/command” in group “Session”
** Message: 16:19:27.624: settings.vala:540: Key file does not have key “calculator/command” in group “Session”
** Message: 16:19:27.624: settings.vala:540: Key file does not have key “spreadsheet/command” in group “Session”
** Message: 16:19:27.624: settings.vala:540: Key file does not have key “bittorent/command” in group “Session”
** Message: 16:19:27.624: settings.vala:540: Key file does not have key “document/command” in group “Session”
** Message: 16:19:27.625: settings.vala:540: Key file does not have key “webcam/command” in group “Session”
** Message: 16:19:27.625: settings.vala:540: Key file does not have key “burn/command” in group “Session”
** Message: 16:19:27.625: settings.vala:540: Key file does not have key “notes/command” in group “Session”
** Message: 16:19:27.625: settings.vala:540: Key file does not have key “disk_utility/command” in group “Session”
** Message: 16:19:27.625: settings.vala:540: Key file does not have key “tasks/command” in group “Session”
** Message: 16:19:27.625: settings.vala:540: Key file does not have group “Keymap”
** Message: 16:19:27.625: settings.vala:540: Key file does not have key “laptop_mode” in group “State”
** Message: 16:19:27.625: settings.vala:540: Key file does not have key “gnome” in group “Dbus”
** Message: 16:19:27.625: settings.vala:540: Key file does not have key “type” in group “Environment”
** Message: 16:19:27.625: settings.vala:540: Key file does not have key “ubuntu_menuproxy” in group “Environment”
** Message: 16:19:27.625: settings.vala:540: Key file does not have key “toolkit_integration” in group “Environment”
** Message: 16:19:27.625: settings.vala:540: Key file does not have key “gtk/overlay_scrollbar_disable” in group “Environment”
** Message: 16:19:27.625: settings.vala:540: Key file does not have key “qt/force_theme” in group “Environment”
** Message: 16:19:27.625: settings.vala:540: Key file does not have key “qt/platform” in group “Environment”
** Message: 16:19:27.626: settings.vala:462: Monitoring: /home/supernemo/.config/lxsession/LXDE-pi/desktop.conf
** Message: 16:19:27.626: settings.vala:466: Desktop file is already in config home, do nothing
** Message: 16:19:27.626: environement.vala:79: Exporting variable
** Message: 16:19:27.626: environement.vala:80: desktop_environnement XDG_CURRENT_DESKTOP
** Message: 16:19:27.626: environement.vala:177: custom_config :
** Message: 16:19:27.626: environement.vala:178: config_dirs :/etc/xdg
** Message: 16:19:27.626: environement.vala:179: confir_dirs not null, export : /etc/xdg
** Message: 16:19:27.626: environement.vala:184: Exporting XDG_CONFIG_DIRS
** Message: 16:19:27.626: environement.vala:218: custom_data :
** Message: 16:19:27.630: environement.vala:219: data_dirs :/usr/share/fkms:/usr/local/share:/usr/share/raspi-ui-overrides:/usr/share:/usr/share/gdm:/var/lib/menu-xdg
** Message: 16:19:27.630: environement.vala:220: data_dirs not null, export : /usr/share/fkms:/usr/local/share:/usr/share/raspi-ui-overrides:/usr/share:/usr/share/gdm:/var/lib/menu-xdg
** Message: 16:19:27.630: environement.vala:225: Exporting XDG_DATA_DIRS
** Message: 16:19:27.630: utils.vala:39: Config system location : /etc/xdg/lxsession/LXDE-pi
** Message: 16:19:27.630: utils.vala:45: System system path location : /etc/xdg/lxsession/LXDE-pi/desktop.conf
** Message: 16:19:27.631: environement.vala:254: No entry in [Environment_variable]. Key file does not have group “Environment_variable”

** (lxsession:1376): WARNING **: 16:19:27.635: process.vala:49: Failed to execute child process “xprop” (No such file or directory)

** (lxsession:1376): WARNING **: 16:19:27.635: process.vala:50: Error when launching xprop
** Message: 16:19:27.635: utils.vala:138: Config system location : /etc/xdg/lxsession/LXDE-pi
** Message: 16:19:27.635: utils.vala:144: System system path location : /etc/xdg/lxsession/LXDE-pi/conffiles.conf
** Message: 16:19:27.635: utils.vala:148: Final file used : /etc/xdg/lxsession/LXDE-pi/conffiles.conf
** Message: 16:19:27.635: options.vala:164: Activate xsettings_manager build-in
** Message: 16:19:27.636: utils.vala:39: Config system location : /etc/xdg/lxsession/LXDE-pi
** Message: 16:19:27.636: utils.vala:45: System system path location : /etc/xdg/lxsession/LXDE-pi/desktop.conf
** Message: 16:19:27.653: app.vala:728: polkit separate
** Message: 16:19:27.654: app.vala:728: polkit separate
** Message: 16:19:27.658: app.vala:76: Launching lxpolkit 
** Message: 16:19:27.659: utils.vala:138: Config system location : /etc/xdg/lxsession/LXDE-pi
** Message: 16:19:27.659: utils.vala:144: System system path location : /etc/xdg/lxsession/LXDE-pi/autostart
** Message: 16:19:27.659: utils.vala:148: Final file used : /etc/xdg/lxsession/LXDE-pi/autostart
** Message: 16:19:27.659: autostart.vala:42: Autostart path : /etc/xdg/lxsession/LXDE-pi/autostart
** Message: 16:19:27.663: app.vala:76: Launching lxpanel 
** Message: 16:19:27.668: app.vala:76: Launching pcmanfm 

** (lxsession:1376): WARNING **: 16:19:27.681: app.vala:86: Failed to execute child process “xscreensaver” (No such file or directory)

** (lxsession:1376): WARNING **: 16:19:27.681: app.vala:87: Error when launching xscreensaver
** Message: 16:19:27.694: options.vala:107: Create build-in Clipboard
** Message: 16:19:27.696: main.vala:450: Check keymap_mode (null)
** Message: 16:19:27.710: app.vala:76: Launching /usr/bin/ssh-agent 
SSH_AUTH_SOCK=/tmp/ssh-JYDzKIQKR7t8/agent.1465; export SSH_AUTH_SOCK;
SSH_AGENT_PID=1471; export SSH_AGENT_PID;
echo Agent pid 1471;
** Message: 16:19:27.736: app.vala:130: /usr/bin/ssh-agent exit with this type of exit: 0
unable to find device pointer:Drop Preonic Mouse
Openbox-Message: Unable to find a valid menu file "/usr/share/lxde/openbox/menu.xml"
** Message: 16:19:28.578: x-terminal-emulator has very limited support, consider choosing another terminal
** Message: 16:19:28.602: x-terminal-emulator has very limited support, consider choosing another terminal
** Message: 16:19:29.076: Connecting ...
** Message: 16:19:29.077: Status changed to down

** (lxpanel:1459): CRITICAL **: 16:19:29.077: dhcpcd_open: Inappropriate ioctl for device
Unit pt-device-manager.service could not be found.
Unit pi-topd.service could not be found.

** (lxpanel:1459): WARNING **: 16:19:29.342: Battery 0 not found

(pcmanfm:1460): Gtk-WARNING **: 16:19:29.484: Could not load a pixbuf from icon theme.
This may indicate that pixbuf loaders or the mime database could not be found.
** Message: 16:19:29.641: up: Checking for updates
** Message: 16:19:30.078: Status changed to opened
** Message: 16:19:30.078: Connected to dhcpcd-8.1.2
** Message: 16:19:30.079: Status changed to connected
** Message: 16:19:30.079: eth0: Link is down
** Message: 16:19:30.079: wlan0: Associated with eduroam
** Message: 16:19:30.079: wlan0: Configured 172.20.189.51/20
** Message: 16:21:13.762: wlan0: Expired 172.20.189.51/20
** Message: 16:21:13.762: Status changed to connecting
** Message: 16:21:14.336: wlan0: Disassociated from eduroam
** Message: 16:21:14.337: Status changed to disconnected
** Message: 16:21:15.922: up: Error updating cache - E: http://raspbian.raspberrypi.org/raspbian bullseye InRelease is not (yet) available (Temporary failure resolving 'raspbian.raspberrypi.org')
E: http://archive.raspberrypi.org/debian bullseye InRelease is not (yet) available (Temporary failure resolving 'archive.raspberrypi.org')

** Message: 16:22:40.798: wlan0: Associated with eduroam
** Message: 16:22:40.799: Status changed to connecting
** Message: 16:22:47.026: wlan0: Configured 172.20.189.51/20
** Message: 16:22:47.027: Status changed to connected

(pcmanfm:1460): Gtk-WARNING **: 16:32:29.082: Theme parsing error: <data>:2:27: The style property GtkWidget:focus-padding is deprecated and shouldn't be used anymore. It will be removed in a future version

(pcmanfm:1460): Gtk-WARNING **: 16:32:29.083: Theme parsing error: <data>:3:30: The style property GtkWidget:focus-line-width is deprecated and shouldn't be used anymore. It will be removed in a future version

(pcmanfm:1460): Gtk-WARNING **: 16:32:36.069: gtk_menu_detach(): menu is not attached
INFO    thonny: Thonny version: 3.3.14
INFO    thonny: Thonny version: 3.3.14
Delegated to an existing Thonny instance. Exiting now.
** Message: 16:50:32.057: wlan0: Disassociated from eduroam
** Message: 16:50:32.059: Status changed to disconnected
** Message: 16:50:32.067: wlan0: Associated with eduroam
** Message: 16:50:32.068: Status changed to connecting
** Message: 16:50:37.375: wlan0: Configured 172.20.189.51/20
** Message: 16:50:37.375: Status changed to connected
** Message: 16:50:57.308: wlan0: Disassociated from eduroam
** Message: 16:50:57.309: Status changed to disconnected
** Message: 16:50:57.327: wlan0: Associated with eduroam
** Message: 16:50:57.328: Status changed to connecting
** Message: 16:51:03.085: wlan0: Configured 172.20.189.51/20
** Message: 16:51:03.085: Status changed to connected
** Message: 17:02:03.682: wlan0: Disassociated from eduroam
** Message: 17:02:03.683: Status changed to disconnected
** Message: 17:02:03.691: wlan0: Associated with eduroam
** Message: 17:02:03.692: Status changed to connecting
** Message: 17:02:09.575: wlan0: Configured 172.20.189.51/20
** Message: 17:02:09.575: Status changed to connected
** Message: 17:06:21.229: wlan0: Disassociated from eduroam
** Message: 17:06:21.230: Status changed to disconnected
** Message: 17:06:21.243: wlan0: Associated with eduroam
** Message: 17:06:21.243: Status changed to connecting
** Message: 17:06:26.775: wlan0: Configured 172.20.189.51/20
** Message: 17:06:26.775: Status changed to connected
** Message: 17:09:18.171: wlan0: Disassociated from eduroam
** Message: 17:09:18.172: Status changed to disconnected
** Message: 17:09:18.184: wlan0: Associated with eduroam
** Message: 17:09:18.185: Status changed to connecting
** Message: 17:09:24.505: wlan0: Configured 172.20.189.51/20
** Message: 17:09:24.505: Status changed to connected
** Message: 17:22:48.827: wlan0: Disassociated from eduroam
** Message: 17:22:48.829: Status changed to disconnected
** Message: 17:22:48.839: wlan0: Associated with eduroam
** Message: 17:22:48.839: Status changed to connecting
** Message: 17:22:55.105: wlan0: Configured 172.20.189.51/20
** Message: 17:22:55.105: Status changed to connected
INFO    thonny: Thonny version: 3.3.14
Delegated to an existing Thonny instance. Exiting now.
INFO    thonny: Thonny version: 3.3.14
Delegated to an existing Thonny instance. Exiting now.
INFO    thonny: Thonny version: 3.3.14
Delegated to an existing Thonny instance. Exiting now.
INFO    thonny: Thonny version: 3.3.14
Delegated to an existing Thonny instance. Exiting now.

** (lxpanel:1459): WARNING **: 09:27:11.056: lxpanel : X error: BadWindow (invalid Window parameter)
INFO    thonny: Thonny version: 3.3.14
Delegated to an existing Thonny instance. Exiting now.
INFO    thonny: Thonny version: 3.3.14
Delegated to an existing Thonny instance. Exiting now.
INFO    thonny: Thonny version: 3.3.14
Delegated to an existing Thonny instance. Exiting now.
INFO    thonny: Thonny version: 3.3.14
Delegated to an existing Thonny instance. Exiting now.

** (lxpanel:1459): WARNING **: 10:04:57.530: lxpanel : X error: BadWindow (invalid Window parameter)
** Message: 10:17:13.516: wlan0: Disassociated from eduroam
** Message: 10:17:13.517: Status changed to disconnected
** Message: 10:17:15.430: wlan0: Associated with eduroam
** Message: 10:17:15.432: Status changed to connecting
** Message: 10:17:20.829: wlan0: Expired
** Message: 10:17:21.595: wlan0: Disassociated from eduroam
** Message: 10:17:21.595: Status changed to disconnected
** Message: 10:17:26.779: wlan0: Associated with eduroam
** Message: 10:17:26.780: Status changed to connecting
** Message: 10:17:32.595: wlan0: Configured 172.20.189.51/20
** Message: 10:17:32.595: Status changed to connected
